<?xml version="1.0" encoding="UTF-8"?>
<!-- Generated by org.testng.reporters.JUnitXMLReporter -->
<testsuite ignored="0" hostname="LAPTOP-9NF5N62B" failures="1" tests="1" name="Test1" time="0.009" errors="0" timestamp="2021-02-23T15:25:56 IST">
  <testcase classname="testcases.Youraccounttest" name="Account" time="0.003">
    <failure type="java.lang.NullPointerException" message="Cannot invoke &amp;quot;org.openqa.selenium.WebElement.click()&amp;quot; because &amp;quot;pageobject.youraccount.youraccount&amp;quot; is null">
      <![CDATA[java.lang.NullPointerException: Cannot invoke "org.openqa.selenium.WebElement.click()" because "pageobject.youraccount.youraccount" is null
at testcases.Youraccounttest.Account(Youraccounttest.java:12)
at java.base/java.util.ArrayList.forEach(ArrayList.java:1511)
... Removed 27 stack frames]]>
    </failure>
  </testcase> <!-- Account -->
</testsuite> <!-- Test1 -->
